<?xml version="1.0" encoding="UTF-8"?>
<!-- Generated by org.testng.reporters.JUnitReportReporter -->
<testsuite skipped="0" hostname="LAPTOP-IAQHS7UT" name="test.ListCustomerTest" tests="1" failures="0" timestamp="2022-03-18T10:21:41 PDT" time="7.110" errors="0">
  <testcase name="validUserShouldBeAbleToFindCustomer" time="7.110" classname="test.ListCustomerTest"/>
  <system-out/>
</testsuite> <!-- test.ListCustomerTest -->
