<?xml version="1.0" encoding="UTF-8"?>
<!-- Generated by org.testng.reporters.JUnitReportReporter -->
<testsuite skipped="0" hostname="LAPTOP-IAQHS7UT" name="test.AddCustomerTest" tests="1" failures="0" timestamp="2022-04-19T10:32:21 PDT" time="8.902" errors="0">
  <testcase name="validUserShouldBeAbleToCreateCustomer" time="8.902" classname="test.AddCustomerTest"/>
  <system-out/>
</testsuite> <!-- test.AddCustomerTest -->
