<?xml version="1.0" encoding="UTF-8"?>
<!-- Generated by org.testng.reporters.JUnitReportReporter -->
<testsuite skipped="0" hostname="LAPTOP-IAQHS7UT" name="test.LoginTest" tests="1" failures="0" timestamp="2022-03-19T08:40:58 PDT" time="4.940" errors="0">
  <testcase name="validUserShouldBeAbleToLogin" time="4.940" classname="test.LoginTest"/>
  <system-out/>
</testsuite> <!-- test.LoginTest -->
