<?xml version="1.0" encoding="UTF-8"?>
<!-- Generated by org.testng.reporters.JUnitReportReporter -->
<testsuite skipped="0" hostname="LAPTOP-IAQHS7UT" name="test.AddCustomerTest" tests="1" failures="0" timestamp="2022-03-16T11:59:10 PDT" time="9.737" errors="0">
  <testcase name="validUserShouldBeAbleToCreateCustomer" time="9.737" classname="test.AddCustomerTest"/>
  <system-out/>
</testsuite> <!-- test.AddCustomerTest -->
