<?xml version="1.0" encoding="UTF-8"?>
<!-- Generated by org.testng.reporters.JUnitReportReporter -->
<testsuite skipped="0" hostname="LAPTOP-IAQHS7UT" name="test.ListCustomerTest" tests="1" failures="0" timestamp="19 Mar 2022 14:11:07 GMT" time="5.881" errors="0">
  <testcase name="validUserShouldBeAbleToFindCustomer" time="5.881" classname="test.ListCustomerTest"/>
</testsuite> <!-- test.ListCustomerTest -->
