<?xml version="1.0" encoding="UTF-8"?>
<!-- Generated by org.testng.reporters.JUnitReportReporter -->
<testsuite skipped="0" hostname="LAPTOP-IAQHS7UT" name="test.AddCustomerTest" tests="1" failures="0" timestamp="19 Mar 2022 14:11:07 GMT" time="11.529" errors="0">
  <testcase name="validUserShouldBeAbleToCreateCustomer" time="11.529" classname="test.AddCustomerTest"/>
</testsuite> <!-- test.AddCustomerTest -->
